created virtual environment CPython3.11.5.final.0-64 in 143ms
  creator CPython3Posix(dest=/dev/shm/slurm.dinghaoc.498040/env, clear=False, no_vcs_ignore=False, global=False)
  seeder FromAppData(download=False, pip=bundle, setuptools=bundle, wheel=bundle, via=copy, app_data_dir=/tmp/tmpqnzgo228)
    added seed packages: pip==23.2.1, setuptools==68.0.0, wheel==0.41.1
  activators BashActivator,CShellActivator,FishActivator,NushellActivator,PowerShellActivator,PythonActivator
Starting experiment: Cox on SIMULATED_I
Data file: ../data/data_I.csv
Batch size: 64, Learning rate: 0.01, Epochs: 100
Lambda (fairness-accuracy trade-off): 0.01
------------------------------------------------------------
Loading and preprocessing data...
Using 5 X covariates: ['age', 'LOS', 'eGFR', 'Hemoglobin', 'CCI']
Computing pseudo values for training data...
  Computing survival function for 4474 samples...
  Computing leave-one-out survival for 4474 samples (this may take a while)...
  Processing sample 500/4474 (11.2%)...
  Processing sample 1000/4474 (22.4%)...
  Processing sample 1500/4474 (33.5%)...
  Processing sample 2000/4474 (44.7%)...
  Processing sample 2500/4474 (55.9%)...
  Processing sample 3000/4474 (67.1%)...
  Processing sample 3500/4474 (78.2%)...
  Processing sample 4000/4474 (89.4%)...
  Finalizing pseudo values...
Computing pseudo values for validation data...
  Computing survival function for 1120 samples...
  Computing leave-one-out survival for 1120 samples (this may take a while)...
  Processing sample 500/1120 (44.6%)...
  Processing sample 1000/1120 (89.3%)...
  Finalizing pseudo values...
Computing pseudo values for test data...
  Computing survival function for 1399 samples...
  Computing leave-one-out survival for 1399 samples (this may take a while)...
  Processing sample 500/1399 (35.7%)...
  Processing sample 1000/1399 (71.5%)...
  Finalizing pseudo values...
Pseudo values computation completed!
Fairness parameters - Scale: 0.01 (FIXED, used for evaluation only)
Training Cox model...
Fitting Cox model on training data...
Cox model fitted successfully!
Validation C-index: 0.6770826059632707
Model saved to: ./Trained_models/model_Cox_SIMULATED_I.pkl
Done!
Your result is ready!!! Saved to: ./Results/Results_Cox_SIMULATED_I.csv
Skipping loss plot: Cox model does not use the same loss function as neural network models.

scontrol show job 498040
JobId=498040 JobName=Cox_SIM_I
   UserId=dinghaoc(3151984) GroupId=dinghaoc(3151984) MCS_label=N/A
   Priority=595559 Nice=0 Account=def-agoldenb-ab QOS=normal
   JobState=COMPLETING Reason=None Dependency=(null)
   Requeue=0 Restarts=0 BatchFlag=1 Reboot=0 ExitCode=0:0
   RunTime=00:12:52 TimeLimit=05:00:00 TimeMin=N/A
   SubmitTime=2025-11-15T22:17:14 EligibleTime=2025-11-15T22:17:14
   AccrueTime=2025-11-15T22:17:14
   StartTime=2025-11-15T22:47:47 EndTime=2025-11-15T23:00:39 Deadline=N/A
   SuspendTime=None SecsPreSuspend=0 LastSchedEval=2025-11-15T22:47:47 Scheduler=Main
   Partition=compute AllocNode:Sid=tri-login03:444166
   ReqNodeList=(null) ExcNodeList=(null)
   NodeList=tri0187
   BatchHost=tri0187
   NumNodes=1 NumCPUs=192 NumTasks=1 CPUs/Task=10 ReqB:S:C:T=0:0:*:*
   ReqTRES=cpu=10,mem=767000M,node=1,billing=10
   AllocTRES=cpu=192,mem=767000M,node=1,billing=192
   Socks/Node=* NtasksPerN:B:S:C=0:0:*:* CoreSpec=*
   MinCPUsNode=10 MinMemoryNode=767000M MinTmpDiskNode=0
   Features=(null) DelayBoot=00:00:00
   OverSubscribe=NO Contiguous=0 Licenses=(null) Network=(null)
   Command=/scratch/dinghaoc/Fairness-in-Machine-Learning-Model/Simulation_Study/FISA/run_Cox_SIM_I.slurm
   WorkDir=/scratch/dinghaoc/Fairness-in-Machine-Learning-Model/Simulation_Study/FISA
   Comment=/opt/slurm/bin/sbatch --export=NONE --get-user-env=L run_Cox_SIM_I.slurm 
   StdErr=/scratch/dinghaoc/Fairness-in-Machine-Learning-Model/Simulation_Study/FISA/outputs/Cox_SIM_I_498040.err
   StdIn=/dev/null
   StdOut=/scratch/dinghaoc/Fairness-in-Machine-Learning-Model/Simulation_Study/FISA/outputs/Cox_SIM_I_498040.out
   TresPerTask=cpu=10
   

sacct -j 498040
JobID           JobName    Account    Elapsed  MaxVMSize     MaxRSS  SystemCPU    UserCPU ExitCode 
------------ ---------- ---------- ---------- ---------- ---------- ---------- ---------- -------- 
498040        Cox_SIM_I def-agold+   00:12:52                         00:00:00   00:00:00      0:0 
498040.batch      batch def-agold+   00:12:52                         00:00:00   00:00:00      0:0 
498040.exte+     extern def-agold+   00:12:52                         00:00:00   00:00:00      0:0 

