created virtual environment CPython3.11.5.final.0-64 in 333ms
  creator CPython3Posix(dest=/dev/shm/slurm.dinghaoc.498039/env, clear=False, no_vcs_ignore=False, global=False)
  seeder FromAppData(download=False, pip=bundle, setuptools=bundle, wheel=bundle, via=copy, app_data_dir=/tmp/tmp0v6qs6ec)
    added seed packages: pip==23.2.1, setuptools==68.0.0, wheel==0.41.1
  activators BashActivator,CShellActivator,FishActivator,NushellActivator,PowerShellActivator,PythonActivator
Starting experiment: Cox on FLChain
Data file: Data/FLChain/flchain.csv
Batch size: 64, Learning rate: 0.01, Epochs: 100
Lambda (fairness-accuracy trade-off): 0.01
------------------------------------------------------------
Loading and preprocessing data...
Computing pseudo values for training data...
  Computing survival function for 4171 samples...
  Computing leave-one-out survival for 4171 samples (this may take a while)...
  Processing sample 500/4171 (12.0%)...
  Processing sample 1000/4171 (24.0%)...
  Processing sample 1500/4171 (36.0%)...
  Processing sample 2000/4171 (48.0%)...
  Processing sample 2500/4171 (59.9%)...
  Processing sample 3000/4171 (71.9%)...
  Processing sample 3500/4171 (83.9%)...
  Processing sample 4000/4171 (95.9%)...
  Finalizing pseudo values...
Computing pseudo values for validation data...
  Computing survival function for 1044 samples...
  Computing leave-one-out survival for 1044 samples (this may take a while)...
  Processing sample 500/1044 (47.9%)...
  Processing sample 1000/1044 (95.8%)...
  Finalizing pseudo values...
Computing pseudo values for test data...
  Computing survival function for 1304 samples...
  Computing leave-one-out survival for 1304 samples (this may take a while)...
  Processing sample 500/1304 (38.3%)...
  Processing sample 1000/1304 (76.7%)...
  Finalizing pseudo values...
Pseudo values computation completed!
Fairness parameters - Scale: 0.01 (FIXED, used for evaluation only)
Training Cox model...
Fitting Cox model on training data...
Cox model fitted successfully!
Validation C-index: 0.8026816480571335
Model saved to: ./Trained_models/model_Cox_FLChain.pkl
Done!
Your result is ready!!! Saved to: ./Results/Results_Cox_FLChain.csv
Skipping loss plot: Cox model does not use the same loss function as neural network models.

scontrol show job 498039
JobId=498039 JobName=Cox_FLC
   UserId=dinghaoc(3151984) GroupId=dinghaoc(3151984) MCS_label=N/A
   Priority=595559 Nice=0 Account=def-agoldenb-ab QOS=normal
   JobState=COMPLETING Reason=None Dependency=(null)
   Requeue=0 Restarts=0 BatchFlag=1 Reboot=0 ExitCode=0:0
   RunTime=00:12:32 TimeLimit=05:00:00 TimeMin=N/A
   SubmitTime=2025-11-15T22:17:14 EligibleTime=2025-11-15T22:17:14
   AccrueTime=2025-11-15T22:17:14
   StartTime=2025-11-15T22:46:47 EndTime=2025-11-15T22:59:19 Deadline=N/A
   SuspendTime=None SecsPreSuspend=0 LastSchedEval=2025-11-15T22:46:47 Scheduler=Main
   Partition=compute AllocNode:Sid=tri-login03:444166
   ReqNodeList=(null) ExcNodeList=(null)
   NodeList=tri1201
   BatchHost=tri1201
   NumNodes=1 NumCPUs=192 NumTasks=1 CPUs/Task=10 ReqB:S:C:T=0:0:*:*
   ReqTRES=cpu=10,mem=767000M,node=1,billing=10
   AllocTRES=cpu=192,mem=767000M,node=1,billing=192
   Socks/Node=* NtasksPerN:B:S:C=0:0:*:* CoreSpec=*
   MinCPUsNode=10 MinMemoryNode=767000M MinTmpDiskNode=0
   Features=(null) DelayBoot=00:00:00
   OverSubscribe=NO Contiguous=0 Licenses=(null) Network=(null)
   Command=/scratch/dinghaoc/Fairness-in-Machine-Learning-Model/Simulation_Study/FISA/run_Cox_FLC.slurm
   WorkDir=/scratch/dinghaoc/Fairness-in-Machine-Learning-Model/Simulation_Study/FISA
   Comment=/opt/slurm/bin/sbatch --export=NONE --get-user-env=L run_Cox_FLC.slurm 
   StdErr=/scratch/dinghaoc/Fairness-in-Machine-Learning-Model/Simulation_Study/FISA/outputs/Cox_FLC_498039.err
   StdIn=/dev/null
   StdOut=/scratch/dinghaoc/Fairness-in-Machine-Learning-Model/Simulation_Study/FISA/outputs/Cox_FLC_498039.out
   TresPerTask=cpu=10
   

sacct -j 498039
JobID           JobName    Account    Elapsed  MaxVMSize     MaxRSS  SystemCPU    UserCPU ExitCode 
------------ ---------- ---------- ---------- ---------- ---------- ---------- ---------- -------- 
498039          Cox_FLC def-agold+   00:12:32                         00:00:00   00:00:00      0:0 
498039.batch      batch def-agold+   00:12:32                         00:00:00   00:00:00      0:0 
498039.exte+     extern def-agold+   00:12:32                         00:00:00   00:00:00      0:0 

