created virtual environment CPython3.11.5.final.0-64 in 291ms
  creator CPython3Posix(dest=/dev/shm/slurm.dinghaoc.498035/env, clear=False, no_vcs_ignore=False, global=False)
  seeder FromAppData(download=False, pip=bundle, setuptools=bundle, wheel=bundle, via=copy, app_data_dir=/tmp/tmpj7bu_3uz)
    added seed packages: pip==23.2.1, setuptools==68.0.0, wheel==0.41.1
  activators BashActivator,CShellActivator,FishActivator,NushellActivator,PowerShellActivator,PythonActivator
Starting experiment: FIDP on SIMULATED_II
Data file: ../data/data_II.csv
Batch size: 128, Learning rate: 0.01, Epochs: 40
Lambda (fairness-accuracy trade-off): 0.02
------------------------------------------------------------
Loading and preprocessing data...
Using 5 X covariates: ['age', 'LOS', 'eGFR', 'Hemoglobin', 'CCI']
Computing pseudo values for training data...
  Computing survival function for 4474 samples...
  Computing leave-one-out survival for 4474 samples (this may take a while)...
  Processing sample 500/4474 (11.2%)...
  Processing sample 1000/4474 (22.4%)...
  Processing sample 1500/4474 (33.5%)...
  Processing sample 2000/4474 (44.7%)...
  Processing sample 2500/4474 (55.9%)...
  Processing sample 3000/4474 (67.1%)...
  Processing sample 3500/4474 (78.2%)...
  Processing sample 4000/4474 (89.4%)...
  Finalizing pseudo values...
Computing pseudo values for validation data...
  Computing survival function for 1120 samples...
  Computing leave-one-out survival for 1120 samples (this may take a while)...
  Processing sample 500/1120 (44.6%)...
  Processing sample 1000/1120 (89.3%)...
  Finalizing pseudo values...
Computing pseudo values for test data...
  Computing survival function for 1400 samples...
  Computing leave-one-out survival for 1400 samples (this may take a while)...
  Processing sample 500/1400 (35.7%)...
  Processing sample 1000/1400 (71.4%)...
  Finalizing pseudo values...
Pseudo values computation completed!
Fairness parameters - Scale: 0.01 (FIXED), Lambda: 0.02
Epoch 1
-------------------------------
  Loss breakdown - Pseudo: 0.279789, Fairness: 0.285586 (λ=0.020), Total: 0.285500
Epoch 1:
  Train   - Loss: 0.285500, C-index: 0.661693, Brier: 0.231122, AUC: 0.727354
  Valid   - Loss: 0.189072, C-index: 0.669878, Brier: 0.222342, AUC: 0.734050
Epoch 2
-------------------------------
  Loss breakdown - Pseudo: 0.212129, Fairness: 0.200506 (λ=0.020), Total: 0.216139
Epoch 2:
  Train   - Loss: 0.216139
  Valid   - Loss: 0.183810
Epoch 3
-------------------------------
  Loss breakdown - Pseudo: 0.204649, Fairness: 0.190584 (λ=0.020), Total: 0.208460
Epoch 3:
  Train   - Loss: 0.208460
  Valid   - Loss: 0.194365
Counter 1 of 8
Epoch 4
-------------------------------
  Loss breakdown - Pseudo: 0.200783, Fairness: 0.174395 (λ=0.020), Total: 0.204270
Epoch 4:
  Train   - Loss: 0.204270, C-index: 0.670107, Brier: 0.232305, AUC: 0.738366
  Valid   - Loss: 0.183220, C-index: 0.677309, Brier: 0.223712, AUC: 0.737323
Epoch 5
-------------------------------
  Loss breakdown - Pseudo: 0.197334, Fairness: 0.169413 (λ=0.020), Total: 0.200723
Epoch 5:
  Train   - Loss: 0.200723
  Valid   - Loss: 0.183860
Counter 1 of 8
Epoch 6
-------------------------------
  Loss breakdown - Pseudo: 0.196411, Fairness: 0.166373 (λ=0.020), Total: 0.199739
Epoch 6:
  Train   - Loss: 0.199739
  Valid   - Loss: 0.179545
Epoch 7
-------------------------------
  Loss breakdown - Pseudo: 0.191837, Fairness: 0.166775 (λ=0.020), Total: 0.195172
Epoch 7:
  Train   - Loss: 0.195172, C-index: 0.667931, Brier: 0.229224, AUC: 0.740288
  Valid   - Loss: 0.186875, C-index: 0.677670, Brier: 0.222156, AUC: 0.743106
Counter 1 of 8
Epoch 8
-------------------------------
  Loss breakdown - Pseudo: 0.193644, Fairness: 0.157157 (λ=0.020), Total: 0.196787
Epoch 8:
  Train   - Loss: 0.196787
  Valid   - Loss: 0.180739
Counter 2 of 8
Epoch 9
-------------------------------
  Loss breakdown - Pseudo: 0.191562, Fairness: 0.154051 (λ=0.020), Total: 0.194643
Epoch 9:
  Train   - Loss: 0.194643
  Valid   - Loss: 0.186310
Counter 3 of 8
Epoch 10
-------------------------------
  Loss breakdown - Pseudo: 0.192492, Fairness: 0.159284 (λ=0.020), Total: 0.195678
Epoch 10:
  Train   - Loss: 0.195678, C-index: 0.624208, Brier: 0.231583, AUC: 0.722202
  Valid   - Loss: 0.185843, C-index: 0.639188, Brier: 0.224217, AUC: 0.728908
Counter 4 of 8
Epoch 11
-------------------------------
  Loss breakdown - Pseudo: 0.192660, Fairness: 0.148162 (λ=0.020), Total: 0.195624
Epoch 11:
  Train   - Loss: 0.195624
  Valid   - Loss: 0.183585
Counter 5 of 8
Epoch 12
-------------------------------
  Loss breakdown - Pseudo: 0.193075, Fairness: 0.148072 (λ=0.020), Total: 0.196037
Epoch 12:
  Train   - Loss: 0.196037
  Valid   - Loss: 0.181846
Counter 6 of 8
Epoch 13
-------------------------------
  Loss breakdown - Pseudo: 0.191785, Fairness: 0.145139 (λ=0.020), Total: 0.194688
Epoch 13:
  Train   - Loss: 0.194688, C-index: 0.672803, Brier: 0.224565, AUC: 0.742725
  Valid   - Loss: 0.197581, C-index: 0.677766, Brier: 0.218670, AUC: 0.739881
Counter 7 of 8
Epoch 14
-------------------------------
  Loss breakdown - Pseudo: 0.194288, Fairness: 0.144012 (λ=0.020), Total: 0.197168
Epoch 14:
  Train   - Loss: 0.197168
  Valid   - Loss: 0.185707
Counter 8 of 8
Epoch 15
-------------------------------
  Loss breakdown - Pseudo: 0.190539, Fairness: 0.164169 (λ=0.020), Total: 0.193822
Epoch 15:
  Train   - Loss: 0.193822
  Valid   - Loss: 0.180040
Counter 9 of 8
Early stopping with best_val_loss:  0.17954490251011318
Done!
Your result is ready!!! Saved to: ./Results/Results_FIDP_SIMULATED_II_lambda_0_02.csv
Loss plot saved to: ./Results/Results_FIDP_SIMULATED_II_lambda_0_02.png

scontrol show job 498035
JobId=498035 ArrayJobId=498035 ArrayTaskId=2 JobName=FIDP_SIM_II
   UserId=dinghaoc(3151984) GroupId=dinghaoc(3151984) MCS_label=N/A
   Priority=595553 Nice=0 Account=def-agoldenb-ab QOS=normal
   JobState=COMPLETING Reason=None Dependency=(null)
   Requeue=0 Restarts=0 BatchFlag=1 Reboot=0 ExitCode=0:0
   RunTime=01:01:24 TimeLimit=10:00:00 TimeMin=N/A
   SubmitTime=2025-11-15T22:17:13 EligibleTime=2025-11-15T22:17:14
   AccrueTime=2025-11-15T22:17:14
   StartTime=2025-11-15T22:45:15 EndTime=2025-11-15T23:46:39 Deadline=N/A
   SuspendTime=None SecsPreSuspend=0 LastSchedEval=2025-11-15T22:45:15 Scheduler=Main
   Partition=compute AllocNode:Sid=tri-login03:444166
   ReqNodeList=(null) ExcNodeList=(null)
   NodeList=tri0172
   BatchHost=tri0172
   NumNodes=1 NumCPUs=192 NumTasks=1 CPUs/Task=10 ReqB:S:C:T=0:0:*:*
   ReqTRES=cpu=10,mem=767000M,node=1,billing=10
   AllocTRES=cpu=192,mem=767000M,node=1,billing=192
   Socks/Node=* NtasksPerN:B:S:C=0:0:*:* CoreSpec=*
   MinCPUsNode=10 MinMemoryNode=767000M MinTmpDiskNode=0
   Features=(null) DelayBoot=00:00:00
   OverSubscribe=NO Contiguous=0 Licenses=(null) Network=(null)
   Command=/scratch/dinghaoc/Fairness-in-Machine-Learning-Model/Simulation_Study/FISA/run_FIDP_SIM_II.slurm
   WorkDir=/scratch/dinghaoc/Fairness-in-Machine-Learning-Model/Simulation_Study/FISA
   Comment=/opt/slurm/bin/sbatch --export=NONE --get-user-env=L run_FIDP_SIM_II.slurm 
   StdErr=/scratch/dinghaoc/Fairness-in-Machine-Learning-Model/Simulation_Study/FISA/outputs/FIDP_SIM_II_498035_2.err
   StdIn=/dev/null
   StdOut=/scratch/dinghaoc/Fairness-in-Machine-Learning-Model/Simulation_Study/FISA/outputs/FIDP_SIM_II_498035_2.out
   TresPerTask=cpu=10
   

JobId=498103 ArrayJobId=498035 ArrayTaskId=1 JobName=FIDP_SIM_II
   UserId=dinghaoc(3151984) GroupId=dinghaoc(3151984) MCS_label=N/A
   Priority=595553 Nice=0 Account=def-agoldenb-ab QOS=normal
   JobState=COMPLETED Reason=None Dependency=(null)
   Requeue=0 Restarts=0 BatchFlag=1 Reboot=0 ExitCode=0:0
   RunTime=01:01:33 TimeLimit=10:00:00 TimeMin=N/A
   SubmitTime=2025-11-15T22:17:13 EligibleTime=2025-11-15T22:17:14
   AccrueTime=2025-11-15T22:17:14
   StartTime=2025-11-15T22:45:04 EndTime=2025-11-15T23:46:37 Deadline=N/A
   SuspendTime=None SecsPreSuspend=0 LastSchedEval=2025-11-15T22:45:04 Scheduler=Main
   Partition=compute AllocNode:Sid=tri-login03:444166
   ReqNodeList=(null) ExcNodeList=(null)
   NodeList=tri0057
   BatchHost=tri0057
   NumNodes=1 NumCPUs=192 NumTasks=1 CPUs/Task=10 ReqB:S:C:T=0:0:*:*
   ReqTRES=cpu=10,mem=767000M,node=1,billing=10
   AllocTRES=cpu=192,mem=767000M,node=1,billing=192
   Socks/Node=* NtasksPerN:B:S:C=0:0:*:* CoreSpec=*
   MinCPUsNode=10 MinMemoryNode=767000M MinTmpDiskNode=0
   Features=(null) DelayBoot=00:00:00
   OverSubscribe=NO Contiguous=0 Licenses=(null) Network=(null)
   Command=/scratch/dinghaoc/Fairness-in-Machine-Learning-Model/Simulation_Study/FISA/run_FIDP_SIM_II.slurm
   WorkDir=/scratch/dinghaoc/Fairness-in-Machine-Learning-Model/Simulation_Study/FISA
   Comment=/opt/slurm/bin/sbatch --export=NONE --get-user-env=L run_FIDP_SIM_II.slurm 
   StdErr=/scratch/dinghaoc/Fairness-in-Machine-Learning-Model/Simulation_Study/FISA/outputs/FIDP_SIM_II_498035_1.err
   StdIn=/dev/null
   StdOut=/scratch/dinghaoc/Fairness-in-Machine-Learning-Model/Simulation_Study/FISA/outputs/FIDP_SIM_II_498035_1.out
   TresPerTask=cpu=10
   

JobId=498102 ArrayJobId=498035 ArrayTaskId=0 JobName=FIDP_SIM_II
   UserId=dinghaoc(3151984) GroupId=dinghaoc(3151984) MCS_label=N/A
   Priority=595553 Nice=0 Account=def-agoldenb-ab QOS=normal
   JobState=RUNNING Reason=None Dependency=(null)
   Requeue=0 Restarts=0 BatchFlag=1 Reboot=0 ExitCode=0:0
   RunTime=01:01:35 TimeLimit=10:00:00 TimeMin=N/A
   SubmitTime=2025-11-15T22:17:13 EligibleTime=2025-11-15T22:17:14
   AccrueTime=2025-11-15T22:17:14
   StartTime=2025-11-15T22:45:04 EndTime=2025-11-16T08:45:04 Deadline=N/A
   SuspendTime=None SecsPreSuspend=0 LastSchedEval=2025-11-15T22:45:04 Scheduler=Main
   Partition=compute AllocNode:Sid=tri-login03:444166
   ReqNodeList=(null) ExcNodeList=(null)
   NodeList=tri0048
   BatchHost=tri0048
   NumNodes=1 NumCPUs=192 NumTasks=1 CPUs/Task=10 ReqB:S:C:T=0:0:*:*
   ReqTRES=cpu=10,mem=767000M,node=1,billing=10
   AllocTRES=cpu=192,mem=767000M,node=1,billing=192
   Socks/Node=* NtasksPerN:B:S:C=0:0:*:* CoreSpec=*
   MinCPUsNode=10 MinMemoryNode=767000M MinTmpDiskNode=0
   Features=(null) DelayBoot=00:00:00
   OverSubscribe=NO Contiguous=0 Licenses=(null) Network=(null)
   Command=/scratch/dinghaoc/Fairness-in-Machine-Learning-Model/Simulation_Study/FISA/run_FIDP_SIM_II.slurm
   WorkDir=/scratch/dinghaoc/Fairness-in-Machine-Learning-Model/Simulation_Study/FISA
   Comment=/opt/slurm/bin/sbatch --export=NONE --get-user-env=L run_FIDP_SIM_II.slurm 
   StdErr=/scratch/dinghaoc/Fairness-in-Machine-Learning-Model/Simulation_Study/FISA/outputs/FIDP_SIM_II_498035_0.err
   StdIn=/dev/null
   StdOut=/scratch/dinghaoc/Fairness-in-Machine-Learning-Model/Simulation_Study/FISA/outputs/FIDP_SIM_II_498035_0.out
   TresPerTask=cpu=10
   

sacct -j 498035
JobID           JobName    Account    Elapsed  MaxVMSize     MaxRSS  SystemCPU    UserCPU ExitCode 
------------ ---------- ---------- ---------- ---------- ---------- ---------- ---------- -------- 
498035_0     FIDP_SIM_+ def-agold+   01:01:35                         00:00:00   00:00:00      0:0 
498035_0.ba+      batch def-agold+   01:01:35                         00:00:00   00:00:00      0:0 
498035_0.ex+     extern def-agold+   01:01:35                         00:00:00   00:00:00      0:0 
498035_1     FIDP_SIM_+ def-agold+   01:01:33                        00:48.458   05:19:03      0:0 
498035_1.ba+      batch def-agold+   01:01:33          0   3071356K  00:48.457   05:19:03      0:0 
498035_1.ex+     extern def-agold+   01:01:33          0          0   00:00:00   00:00:00      0:0 
498035_2     FIDP_SIM_+ def-agold+   01:01:24                         00:00:00   00:00:00      0:0 
498035_2.ba+      batch def-agold+   01:01:24                         00:00:00   00:00:00      0:0 
498035_2.ex+     extern def-agold+   01:01:24                         00:00:00   00:00:00      0:0 

