created virtual environment CPython3.11.5.final.0-64 in 255ms
  creator CPython3Posix(dest=/dev/shm/slurm.dinghaoc.498098/env, clear=False, no_vcs_ignore=False, global=False)
  seeder FromAppData(download=False, pip=bundle, setuptools=bundle, wheel=bundle, via=copy, app_data_dir=/tmp/tmpc22et2q7)
    added seed packages: pip==23.2.1, setuptools==68.0.0, wheel==0.41.1
  activators BashActivator,CShellActivator,FishActivator,NushellActivator,PowerShellActivator,PythonActivator
Starting experiment: FIDP on FLChain
Data file: Data/FLChain/flchain.csv
Batch size: 128, Learning rate: 0.01, Epochs: 40
Lambda (fairness-accuracy trade-off): 0.0
------------------------------------------------------------
Loading and preprocessing data...
Computing pseudo values for training data...
  Computing survival function for 4171 samples...
  Computing leave-one-out survival for 4171 samples (this may take a while)...
  Processing sample 500/4171 (12.0%)...
  Processing sample 1000/4171 (24.0%)...
  Processing sample 1500/4171 (36.0%)...
  Processing sample 2000/4171 (48.0%)...
  Processing sample 2500/4171 (59.9%)...
  Processing sample 3000/4171 (71.9%)...
  Processing sample 3500/4171 (83.9%)...
  Processing sample 4000/4171 (95.9%)...
  Finalizing pseudo values...
Computing pseudo values for validation data...
  Computing survival function for 1044 samples...
  Computing leave-one-out survival for 1044 samples (this may take a while)...
  Processing sample 500/1044 (47.9%)...
  Processing sample 1000/1044 (95.8%)...
  Finalizing pseudo values...
Computing pseudo values for test data...
  Computing survival function for 1304 samples...
  Computing leave-one-out survival for 1304 samples (this may take a while)...
  Processing sample 500/1304 (38.3%)...
  Processing sample 1000/1304 (76.7%)...
  Finalizing pseudo values...
Pseudo values computation completed!
Fairness parameters - Scale: 0.01 (FIXED), Lambda: 0.0
Epoch 1
-------------------------------
  Loss breakdown - Pseudo: 0.253921, Fairness: 0.368852 (λ=0.000), Total: 0.253921
Epoch 1:
  Train   - Loss: 0.253921, C-index: 0.793569, Brier: 0.167760, AUC: 0.833377
  Valid   - Loss: 0.140341, C-index: 0.800892, Brier: 0.168425, AUC: 0.843905
Epoch 2
-------------------------------
  Loss breakdown - Pseudo: 0.168640, Fairness: 0.301959 (λ=0.000), Total: 0.168640
Epoch 2:
  Train   - Loss: 0.168640
  Valid   - Loss: 0.130663
Epoch 3
-------------------------------
  Loss breakdown - Pseudo: 0.158248, Fairness: 0.281649 (λ=0.000), Total: 0.158248
Epoch 3:
  Train   - Loss: 0.158248
  Valid   - Loss: 0.137950
Counter 1 of 8
Epoch 4
-------------------------------
  Loss breakdown - Pseudo: 0.154640, Fairness: 0.281641 (λ=0.000), Total: 0.154640
Epoch 4:
  Train   - Loss: 0.154640, C-index: 0.793694, Brier: 0.174392, AUC: 0.831030
  Valid   - Loss: 0.133287, C-index: 0.802195, Brier: 0.175232, AUC: 0.843512
Counter 2 of 8
Epoch 5
-------------------------------
  Loss breakdown - Pseudo: 0.145600, Fairness: 0.272250 (λ=0.000), Total: 0.145600
Epoch 5:
  Train   - Loss: 0.145600
  Valid   - Loss: 0.134248
Counter 3 of 8
Epoch 6
-------------------------------
  Loss breakdown - Pseudo: 0.146469, Fairness: 0.263320 (λ=0.000), Total: 0.146469
Epoch 6:
  Train   - Loss: 0.146469
  Valid   - Loss: 0.124835
Epoch 7
-------------------------------
  Loss breakdown - Pseudo: 0.147352, Fairness: 0.263035 (λ=0.000), Total: 0.147352
Epoch 7:
  Train   - Loss: 0.147352, C-index: 0.793488, Brier: 0.170118, AUC: 0.832193
  Valid   - Loss: 0.132057, C-index: 0.801174, Brier: 0.170965, AUC: 0.844472
Counter 1 of 8
Epoch 8
-------------------------------
  Loss breakdown - Pseudo: 0.149037, Fairness: 0.262258 (λ=0.000), Total: 0.149037
Epoch 8:
  Train   - Loss: 0.149037
  Valid   - Loss: 0.136552
Counter 2 of 8
Epoch 9
-------------------------------
  Loss breakdown - Pseudo: 0.146559, Fairness: 0.249680 (λ=0.000), Total: 0.146559
Epoch 9:
  Train   - Loss: 0.146559
  Valid   - Loss: 0.126646
Counter 3 of 8
Epoch 10
-------------------------------
  Loss breakdown - Pseudo: 0.147679, Fairness: 0.252386 (λ=0.000), Total: 0.147679
Epoch 10:
  Train   - Loss: 0.147679, C-index: 0.791552, Brier: 0.181948, AUC: 0.831372
  Valid   - Loss: 0.136219, C-index: 0.799693, Brier: 0.183188, AUC: 0.844618
Counter 4 of 8
Epoch 11
-------------------------------
  Loss breakdown - Pseudo: 0.148993, Fairness: 0.256581 (λ=0.000), Total: 0.148993
Epoch 11:
  Train   - Loss: 0.148993
  Valid   - Loss: 0.135305
Counter 5 of 8
Epoch 12
-------------------------------
  Loss breakdown - Pseudo: 0.148591, Fairness: 0.242695 (λ=0.000), Total: 0.148591
Epoch 12:
  Train   - Loss: 0.148591
  Valid   - Loss: 0.134704
Counter 6 of 8
Epoch 13
-------------------------------
  Loss breakdown - Pseudo: 0.146893, Fairness: 0.251748 (λ=0.000), Total: 0.146893
Epoch 13:
  Train   - Loss: 0.146893, C-index: 0.794234, Brier: 0.176521, AUC: 0.834355
  Valid   - Loss: 0.128871, C-index: 0.801330, Brier: 0.177811, AUC: 0.845408
Counter 7 of 8
Epoch 14
-------------------------------
  Loss breakdown - Pseudo: 0.143467, Fairness: 0.254314 (λ=0.000), Total: 0.143467
Epoch 14:
  Train   - Loss: 0.143467
  Valid   - Loss: 0.151169
Counter 8 of 8
Epoch 15
-------------------------------
  Loss breakdown - Pseudo: 0.145502, Fairness: 0.260030 (λ=0.000), Total: 0.145502
Epoch 15:
  Train   - Loss: 0.145502
  Valid   - Loss: 0.145777
Counter 9 of 8
Early stopping with best_val_loss:  0.12483518570661545
Done!
Your result is ready!!! Saved to: ./Results/Results_FIDP_FLChain_lambda_0_0.csv
Loss plot saved to: ./Results/Results_FIDP_FLChain_lambda_0_0.png

scontrol show job 498098
JobId=498098 ArrayJobId=498033 ArrayTaskId=0 JobName=FIDP_FLC
   UserId=dinghaoc(3151984) GroupId=dinghaoc(3151984) MCS_label=N/A
   Priority=595553 Nice=0 Account=def-agoldenb-ab QOS=normal
   JobState=COMPLETING Reason=None Dependency=(null)
   Requeue=0 Restarts=0 BatchFlag=1 Reboot=0 ExitCode=0:0
   RunTime=01:03:32 TimeLimit=10:00:00 TimeMin=N/A
   SubmitTime=2025-11-15T22:17:13 EligibleTime=2025-11-15T22:17:14
   AccrueTime=2025-11-15T22:17:14
   StartTime=2025-11-15T22:44:59 EndTime=2025-11-15T23:48:31 Deadline=N/A
   SuspendTime=None SecsPreSuspend=0 LastSchedEval=2025-11-15T22:44:59 Scheduler=Main
   Partition=compute AllocNode:Sid=tri-login03:444166
   ReqNodeList=(null) ExcNodeList=(null)
   NodeList=tri1183
   BatchHost=tri1183
   NumNodes=1 NumCPUs=192 NumTasks=1 CPUs/Task=10 ReqB:S:C:T=0:0:*:*
   ReqTRES=cpu=10,mem=767000M,node=1,billing=10
   AllocTRES=cpu=192,mem=767000M,node=1,billing=192
   Socks/Node=* NtasksPerN:B:S:C=0:0:*:* CoreSpec=*
   MinCPUsNode=10 MinMemoryNode=767000M MinTmpDiskNode=0
   Features=(null) DelayBoot=00:00:00
   OverSubscribe=NO Contiguous=0 Licenses=(null) Network=(null)
   Command=/scratch/dinghaoc/Fairness-in-Machine-Learning-Model/Simulation_Study/FISA/run_FIDP_FLC.slurm
   WorkDir=/scratch/dinghaoc/Fairness-in-Machine-Learning-Model/Simulation_Study/FISA
   Comment=/opt/slurm/bin/sbatch --export=NONE --get-user-env=L run_FIDP_FLC.slurm 
   StdErr=/scratch/dinghaoc/Fairness-in-Machine-Learning-Model/Simulation_Study/FISA/outputs/FIDP_FLC_498033_0.err
   StdIn=/dev/null
   StdOut=/scratch/dinghaoc/Fairness-in-Machine-Learning-Model/Simulation_Study/FISA/outputs/FIDP_FLC_498033_0.out
   TresPerTask=cpu=10
   

sacct -j 498098
JobID           JobName    Account    Elapsed  MaxVMSize     MaxRSS  SystemCPU    UserCPU ExitCode 
------------ ---------- ---------- ---------- ---------- ---------- ---------- ---------- -------- 
498033_0       FIDP_FLC def-agold+   01:03:32                         00:00:00   00:00:00      0:0 
498033_0.ba+      batch def-agold+   01:03:32                         00:00:00   00:00:00      0:0 
498033_0.ex+     extern def-agold+   01:03:32                         00:00:00   00:00:00      0:0 

