created virtual environment CPython3.11.5.final.0-64 in 227ms
  creator CPython3Posix(dest=/dev/shm/slurm.dinghaoc.498033/env, clear=False, no_vcs_ignore=False, global=False)
  seeder FromAppData(download=False, pip=bundle, setuptools=bundle, wheel=bundle, via=copy, app_data_dir=/tmp/tmp8w5zl4fa)
    added seed packages: pip==23.2.1, setuptools==68.0.0, wheel==0.41.1
  activators BashActivator,CShellActivator,FishActivator,NushellActivator,PowerShellActivator,PythonActivator
Starting experiment: FIDP on FLChain
Data file: Data/FLChain/flchain.csv
Batch size: 128, Learning rate: 0.01, Epochs: 40
Lambda (fairness-accuracy trade-off): 0.02
------------------------------------------------------------
Loading and preprocessing data...
Computing pseudo values for training data...
  Computing survival function for 4171 samples...
  Computing leave-one-out survival for 4171 samples (this may take a while)...
  Processing sample 500/4171 (12.0%)...
  Processing sample 1000/4171 (24.0%)...
  Processing sample 1500/4171 (36.0%)...
  Processing sample 2000/4171 (48.0%)...
  Processing sample 2500/4171 (59.9%)...
  Processing sample 3000/4171 (71.9%)...
  Processing sample 3500/4171 (83.9%)...
  Processing sample 4000/4171 (95.9%)...
  Finalizing pseudo values...
Computing pseudo values for validation data...
  Computing survival function for 1044 samples...
  Computing leave-one-out survival for 1044 samples (this may take a while)...
  Processing sample 500/1044 (47.9%)...
  Processing sample 1000/1044 (95.8%)...
  Finalizing pseudo values...
Computing pseudo values for test data...
  Computing survival function for 1304 samples...
  Computing leave-one-out survival for 1304 samples (this may take a while)...
  Processing sample 500/1304 (38.3%)...
  Processing sample 1000/1304 (76.7%)...
  Finalizing pseudo values...
Pseudo values computation completed!
Fairness parameters - Scale: 0.01 (FIXED), Lambda: 0.02
Epoch 1
-------------------------------
  Loss breakdown - Pseudo: 0.253482, Fairness: 0.361026 (λ=0.020), Total: 0.260703
Epoch 1:
  Train   - Loss: 0.260703, C-index: 0.793884, Brier: 0.168752, AUC: 0.833714
  Valid   - Loss: 0.147279, C-index: 0.800738, Brier: 0.169472, AUC: 0.843717
Epoch 2
-------------------------------
  Loss breakdown - Pseudo: 0.167410, Fairness: 0.292919 (λ=0.020), Total: 0.173268
Epoch 2:
  Train   - Loss: 0.173268
  Valid   - Loss: 0.137461
Epoch 3
-------------------------------
  Loss breakdown - Pseudo: 0.157821, Fairness: 0.270866 (λ=0.020), Total: 0.163239
Epoch 3:
  Train   - Loss: 0.163239
  Valid   - Loss: 0.141317
Counter 1 of 8
Epoch 4
-------------------------------
  Loss breakdown - Pseudo: 0.154286, Fairness: 0.266625 (λ=0.020), Total: 0.159618
Epoch 4:
  Train   - Loss: 0.159618, C-index: 0.792198, Brier: 0.174345, AUC: 0.829205
  Valid   - Loss: 0.138695, C-index: 0.801912, Brier: 0.174995, AUC: 0.843347
Counter 2 of 8
Epoch 5
-------------------------------
  Loss breakdown - Pseudo: 0.145983, Fairness: 0.264774 (λ=0.020), Total: 0.151278
Epoch 5:
  Train   - Loss: 0.151278
  Valid   - Loss: 0.139259
Counter 3 of 8
Epoch 6
-------------------------------
  Loss breakdown - Pseudo: 0.146666, Fairness: 0.252281 (λ=0.020), Total: 0.151711
Epoch 6:
  Train   - Loss: 0.151711
  Valid   - Loss: 0.130669
Epoch 7
-------------------------------
  Loss breakdown - Pseudo: 0.146924, Fairness: 0.253785 (λ=0.020), Total: 0.152000
Epoch 7:
  Train   - Loss: 0.152000, C-index: 0.792755, Brier: 0.176051, AUC: 0.830687
  Valid   - Loss: 0.136144, C-index: 0.801252, Brier: 0.176903, AUC: 0.844164
Counter 1 of 8
Epoch 8
-------------------------------
  Loss breakdown - Pseudo: 0.148929, Fairness: 0.251574 (λ=0.020), Total: 0.153961
Epoch 8:
  Train   - Loss: 0.153961
  Valid   - Loss: 0.141870
Counter 2 of 8
Epoch 9
-------------------------------
  Loss breakdown - Pseudo: 0.148275, Fairness: 0.236081 (λ=0.020), Total: 0.152997
Epoch 9:
  Train   - Loss: 0.152997
  Valid   - Loss: 0.133385
Counter 3 of 8
Epoch 10
-------------------------------
  Loss breakdown - Pseudo: 0.148617, Fairness: 0.238596 (λ=0.020), Total: 0.153389
Epoch 10:
  Train   - Loss: 0.153389, C-index: 0.786818, Brier: 0.186516, AUC: 0.825190
  Valid   - Loss: 0.148510, C-index: 0.794423, Brier: 0.187699, AUC: 0.836820
Counter 4 of 8
Epoch 11
-------------------------------
  Loss breakdown - Pseudo: 0.148504, Fairness: 0.243869 (λ=0.020), Total: 0.153381
Epoch 11:
  Train   - Loss: 0.153381
  Valid   - Loss: 0.140590
Counter 5 of 8
Epoch 12
-------------------------------
  Loss breakdown - Pseudo: 0.146428, Fairness: 0.233655 (λ=0.020), Total: 0.151102
Epoch 12:
  Train   - Loss: 0.151102
  Valid   - Loss: 0.136308
Counter 6 of 8
Epoch 13
-------------------------------
  Loss breakdown - Pseudo: 0.145459, Fairness: 0.241833 (λ=0.020), Total: 0.150296
Epoch 13:
  Train   - Loss: 0.150296, C-index: 0.794458, Brier: 0.178338, AUC: 0.834324
  Valid   - Loss: 0.135223, C-index: 0.803748, Brier: 0.179685, AUC: 0.849020
Counter 7 of 8
Epoch 14
-------------------------------
  Loss breakdown - Pseudo: 0.144084, Fairness: 0.241894 (λ=0.020), Total: 0.148922
Epoch 14:
  Train   - Loss: 0.148922
  Valid   - Loss: 0.146340
Counter 8 of 8
Epoch 15
-------------------------------
  Loss breakdown - Pseudo: 0.145362, Fairness: 0.238725 (λ=0.020), Total: 0.150136
Epoch 15:
  Train   - Loss: 0.150136
  Valid   - Loss: 0.139271
Counter 9 of 8
Early stopping with best_val_loss:  0.13066864096456104
Done!
Your result is ready!!! Saved to: ./Results/Results_FIDP_FLChain_lambda_0_02.csv
Loss plot saved to: ./Results/Results_FIDP_FLChain_lambda_0_02.png

scontrol show job 498033
JobId=498033 ArrayJobId=498033 ArrayTaskId=2 JobName=FIDP_FLC
   UserId=dinghaoc(3151984) GroupId=dinghaoc(3151984) MCS_label=N/A
   Priority=595553 Nice=0 Account=def-agoldenb-ab QOS=normal
   JobState=COMPLETING Reason=None Dependency=(null)
   Requeue=0 Restarts=0 BatchFlag=1 Reboot=0 ExitCode=0:0
   RunTime=01:03:24 TimeLimit=10:00:00 TimeMin=N/A
   SubmitTime=2025-11-15T22:17:13 EligibleTime=2025-11-15T22:17:14
   AccrueTime=2025-11-15T22:17:14
   StartTime=2025-11-15T22:44:59 EndTime=2025-11-15T23:48:23 Deadline=N/A
   SuspendTime=None SecsPreSuspend=0 LastSchedEval=2025-11-15T22:44:59 Scheduler=Main
   Partition=compute AllocNode:Sid=tri-login03:444166
   ReqNodeList=(null) ExcNodeList=(null)
   NodeList=tri0735
   BatchHost=tri0735
   NumNodes=1 NumCPUs=192 NumTasks=1 CPUs/Task=10 ReqB:S:C:T=0:0:*:*
   ReqTRES=cpu=10,mem=767000M,node=1,billing=10
   AllocTRES=cpu=192,mem=767000M,node=1,billing=192
   Socks/Node=* NtasksPerN:B:S:C=0:0:*:* CoreSpec=*
   MinCPUsNode=10 MinMemoryNode=767000M MinTmpDiskNode=0
   Features=(null) DelayBoot=00:00:00
   OverSubscribe=NO Contiguous=0 Licenses=(null) Network=(null)
   Command=/scratch/dinghaoc/Fairness-in-Machine-Learning-Model/Simulation_Study/FISA/run_FIDP_FLC.slurm
   WorkDir=/scratch/dinghaoc/Fairness-in-Machine-Learning-Model/Simulation_Study/FISA
   Comment=/opt/slurm/bin/sbatch --export=NONE --get-user-env=L run_FIDP_FLC.slurm 
   StdErr=/scratch/dinghaoc/Fairness-in-Machine-Learning-Model/Simulation_Study/FISA/outputs/FIDP_FLC_498033_2.err
   StdIn=/dev/null
   StdOut=/scratch/dinghaoc/Fairness-in-Machine-Learning-Model/Simulation_Study/FISA/outputs/FIDP_FLC_498033_2.out
   TresPerTask=cpu=10
   

JobId=498099 ArrayJobId=498033 ArrayTaskId=1 JobName=FIDP_FLC
   UserId=dinghaoc(3151984) GroupId=dinghaoc(3151984) MCS_label=N/A
   Priority=595553 Nice=0 Account=def-agoldenb-ab QOS=normal
   JobState=RUNNING Reason=None Dependency=(null)
   Requeue=0 Restarts=0 BatchFlag=1 Reboot=0 ExitCode=0:0
   RunTime=01:03:25 TimeLimit=10:00:00 TimeMin=N/A
   SubmitTime=2025-11-15T22:17:13 EligibleTime=2025-11-15T22:17:14
   AccrueTime=2025-11-15T22:17:14
   StartTime=2025-11-15T22:44:59 EndTime=2025-11-16T08:44:59 Deadline=N/A
   SuspendTime=None SecsPreSuspend=0 LastSchedEval=2025-11-15T22:44:59 Scheduler=Main
   Partition=compute AllocNode:Sid=tri-login03:444166
   ReqNodeList=(null) ExcNodeList=(null)
   NodeList=tri1222
   BatchHost=tri1222
   NumNodes=1 NumCPUs=192 NumTasks=1 CPUs/Task=10 ReqB:S:C:T=0:0:*:*
   ReqTRES=cpu=10,mem=767000M,node=1,billing=10
   AllocTRES=cpu=192,mem=767000M,node=1,billing=192
   Socks/Node=* NtasksPerN:B:S:C=0:0:*:* CoreSpec=*
   MinCPUsNode=10 MinMemoryNode=767000M MinTmpDiskNode=0
   Features=(null) DelayBoot=00:00:00
   OverSubscribe=NO Contiguous=0 Licenses=(null) Network=(null)
   Command=/scratch/dinghaoc/Fairness-in-Machine-Learning-Model/Simulation_Study/FISA/run_FIDP_FLC.slurm
   WorkDir=/scratch/dinghaoc/Fairness-in-Machine-Learning-Model/Simulation_Study/FISA
   Comment=/opt/slurm/bin/sbatch --export=NONE --get-user-env=L run_FIDP_FLC.slurm 
   StdErr=/scratch/dinghaoc/Fairness-in-Machine-Learning-Model/Simulation_Study/FISA/outputs/FIDP_FLC_498033_1.err
   StdIn=/dev/null
   StdOut=/scratch/dinghaoc/Fairness-in-Machine-Learning-Model/Simulation_Study/FISA/outputs/FIDP_FLC_498033_1.out
   TresPerTask=cpu=10
   

JobId=498098 ArrayJobId=498033 ArrayTaskId=0 JobName=FIDP_FLC
   UserId=dinghaoc(3151984) GroupId=dinghaoc(3151984) MCS_label=N/A
   Priority=595553 Nice=0 Account=def-agoldenb-ab QOS=normal
   JobState=RUNNING Reason=None Dependency=(null)
   Requeue=0 Restarts=0 BatchFlag=1 Reboot=0 ExitCode=0:0
   RunTime=01:03:25 TimeLimit=10:00:00 TimeMin=N/A
   SubmitTime=2025-11-15T22:17:13 EligibleTime=2025-11-15T22:17:14
   AccrueTime=2025-11-15T22:17:14
   StartTime=2025-11-15T22:44:59 EndTime=2025-11-16T08:44:59 Deadline=N/A
   SuspendTime=None SecsPreSuspend=0 LastSchedEval=2025-11-15T22:44:59 Scheduler=Main
   Partition=compute AllocNode:Sid=tri-login03:444166
   ReqNodeList=(null) ExcNodeList=(null)
   NodeList=tri1183
   BatchHost=tri1183
   NumNodes=1 NumCPUs=192 NumTasks=1 CPUs/Task=10 ReqB:S:C:T=0:0:*:*
   ReqTRES=cpu=10,mem=767000M,node=1,billing=10
   AllocTRES=cpu=192,mem=767000M,node=1,billing=192
   Socks/Node=* NtasksPerN:B:S:C=0:0:*:* CoreSpec=*
   MinCPUsNode=10 MinMemoryNode=767000M MinTmpDiskNode=0
   Features=(null) DelayBoot=00:00:00
   OverSubscribe=NO Contiguous=0 Licenses=(null) Network=(null)
   Command=/scratch/dinghaoc/Fairness-in-Machine-Learning-Model/Simulation_Study/FISA/run_FIDP_FLC.slurm
   WorkDir=/scratch/dinghaoc/Fairness-in-Machine-Learning-Model/Simulation_Study/FISA
   Comment=/opt/slurm/bin/sbatch --export=NONE --get-user-env=L run_FIDP_FLC.slurm 
   StdErr=/scratch/dinghaoc/Fairness-in-Machine-Learning-Model/Simulation_Study/FISA/outputs/FIDP_FLC_498033_0.err
   StdIn=/dev/null
   StdOut=/scratch/dinghaoc/Fairness-in-Machine-Learning-Model/Simulation_Study/FISA/outputs/FIDP_FLC_498033_0.out
   TresPerTask=cpu=10
   

sacct -j 498033
JobID           JobName    Account    Elapsed  MaxVMSize     MaxRSS  SystemCPU    UserCPU ExitCode 
------------ ---------- ---------- ---------- ---------- ---------- ---------- ---------- -------- 
498033_0       FIDP_FLC def-agold+   01:03:24                         00:00:00   00:00:00      0:0 
498033_0.ba+      batch def-agold+   01:03:24                         00:00:00   00:00:00      0:0 
498033_0.ex+     extern def-agold+   01:03:24                         00:00:00   00:00:00      0:0 
498033_1       FIDP_FLC def-agold+   01:03:24                         00:00:00   00:00:00      0:0 
498033_1.ba+      batch def-agold+   01:03:24                         00:00:00   00:00:00      0:0 
498033_1.ex+     extern def-agold+   01:03:24                         00:00:00   00:00:00      0:0 
498033_2       FIDP_FLC def-agold+   01:03:24                         00:00:00   00:00:00      0:0 
498033_2.ba+      batch def-agold+   01:03:24                         00:00:00   00:00:00      0:0 
498033_2.ex+     extern def-agold+   01:03:24                         00:00:00   00:00:00      0:0 

