created virtual environment CPython3.11.5.final.0-64 in 273ms
  creator CPython3Posix(dest=/dev/shm/slurm.dinghaoc.498114/env, clear=False, no_vcs_ignore=False, global=False)
  seeder FromAppData(download=False, pip=bundle, setuptools=bundle, wheel=bundle, via=copy, app_data_dir=/tmp/tmpxbtc98ly)
    added seed packages: pip==23.2.1, setuptools==68.0.0, wheel==0.41.1
  activators BashActivator,CShellActivator,FishActivator,NushellActivator,PowerShellActivator,PythonActivator
Starting experiment: FIPNAM on SIMULATED_II
Data file: ../data/data_II.csv
Batch size: 128, Learning rate: 0.01, Epochs: 40
Lambda (fairness-accuracy trade-off): 0.0
------------------------------------------------------------
Loading and preprocessing data...
Using 5 X covariates: ['age', 'LOS', 'eGFR', 'Hemoglobin', 'CCI']
Computing pseudo values for training data...
  Computing survival function for 4474 samples...
  Computing leave-one-out survival for 4474 samples (this may take a while)...
  Processing sample 500/4474 (11.2%)...
  Processing sample 1000/4474 (22.4%)...
  Processing sample 1500/4474 (33.5%)...
  Processing sample 2000/4474 (44.7%)...
  Processing sample 2500/4474 (55.9%)...
  Processing sample 3000/4474 (67.1%)...
  Processing sample 3500/4474 (78.2%)...
  Processing sample 4000/4474 (89.4%)...
  Finalizing pseudo values...
Computing pseudo values for validation data...
  Computing survival function for 1120 samples...
  Computing leave-one-out survival for 1120 samples (this may take a while)...
  Processing sample 500/1120 (44.6%)...
  Processing sample 1000/1120 (89.3%)...
  Finalizing pseudo values...
Computing pseudo values for test data...
  Computing survival function for 1400 samples...
  Computing leave-one-out survival for 1400 samples (this may take a while)...
  Processing sample 500/1400 (35.7%)...
  Processing sample 1000/1400 (71.4%)...
  Finalizing pseudo values...
Pseudo values computation completed!
Fairness parameters - Scale: 0.01 (FIXED), Lambda: 0.0
Epoch 1
-------------------------------
  Loss breakdown - Pseudo: 0.266806, Fairness: 0.217124 (λ=0.000), Total: 0.266806
Epoch 1:
  Train   - Loss: 0.266806, C-index: 0.456820, Brier: 0.231834, AUC: 0.524416
  Valid   - Loss: 0.211785, C-index: 0.457297, Brier: 0.230727, AUC: 0.507467
Epoch 2
-------------------------------
  Loss breakdown - Pseudo: 0.227384, Fairness: 0.115415 (λ=0.000), Total: 0.227384
Epoch 2:
  Train   - Loss: 0.227384
  Valid   - Loss: 0.212974
Counter 1 of 8
Epoch 3
-------------------------------
  Loss breakdown - Pseudo: 0.223484, Fairness: 0.101297 (λ=0.000), Total: 0.223484
Epoch 3:
  Train   - Loss: 0.223484
  Valid   - Loss: 0.207249
Epoch 4
-------------------------------
  Loss breakdown - Pseudo: 0.222674, Fairness: 0.096456 (λ=0.000), Total: 0.222674
Epoch 4:
  Train   - Loss: 0.222674, C-index: 0.590593, Brier: 0.227613, AUC: 0.523007
  Valid   - Loss: 0.206248, C-index: 0.591073, Brier: 0.223253, AUC: 0.513943
Epoch 5
-------------------------------
  Loss breakdown - Pseudo: 0.221160, Fairness: 0.091990 (λ=0.000), Total: 0.221160
Epoch 5:
  Train   - Loss: 0.221160
  Valid   - Loss: 0.204877
Epoch 6
-------------------------------
  Loss breakdown - Pseudo: 0.220830, Fairness: 0.097590 (λ=0.000), Total: 0.220830
Epoch 6:
  Train   - Loss: 0.220830
  Valid   - Loss: 0.205758
Counter 1 of 8
Epoch 7
-------------------------------
  Loss breakdown - Pseudo: 0.220225, Fairness: 0.093422 (λ=0.000), Total: 0.220225
Epoch 7:
  Train   - Loss: 0.220225, C-index: 0.585140, Brier: 0.227819, AUC: 0.547224
  Valid   - Loss: 0.206848, C-index: 0.576970, Brier: 0.223854, AUC: 0.539279
Counter 2 of 8
Epoch 8
-------------------------------
  Loss breakdown - Pseudo: 0.220585, Fairness: 0.090802 (λ=0.000), Total: 0.220585
Epoch 8:
  Train   - Loss: 0.220585
  Valid   - Loss: 0.206702
Counter 3 of 8
Epoch 9
-------------------------------
  Loss breakdown - Pseudo: 0.221162, Fairness: 0.091144 (λ=0.000), Total: 0.221162
Epoch 9:
  Train   - Loss: 0.221162
  Valid   - Loss: 0.206561
Counter 4 of 8
Epoch 10
-------------------------------
  Loss breakdown - Pseudo: 0.220651, Fairness: 0.088500 (λ=0.000), Total: 0.220651
Epoch 10:
  Train   - Loss: 0.220651, C-index: 0.590177, Brier: 0.226518, AUC: 0.523912
  Valid   - Loss: 0.205903, C-index: 0.577133, Brier: 0.222527, AUC: 0.513017
Counter 5 of 8
Epoch 11
-------------------------------
  Loss breakdown - Pseudo: 0.221028, Fairness: 0.088885 (λ=0.000), Total: 0.221028
Epoch 11:
  Train   - Loss: 0.221028
  Valid   - Loss: 0.205969
Counter 6 of 8
Epoch 12
-------------------------------
  Loss breakdown - Pseudo: 0.220202, Fairness: 0.088994 (λ=0.000), Total: 0.220202
Epoch 12:
  Train   - Loss: 0.220202
  Valid   - Loss: 0.205746
Counter 7 of 8
Epoch 13
-------------------------------
  Loss breakdown - Pseudo: 0.219814, Fairness: 0.088528 (λ=0.000), Total: 0.219814
Epoch 13:
  Train   - Loss: 0.219814, C-index: 0.529651, Brier: 0.227759, AUC: 0.572976
  Valid   - Loss: 0.206958, C-index: 0.512576, Brier: 0.224091, AUC: 0.552195
Counter 8 of 8
Epoch 14
-------------------------------
  Loss breakdown - Pseudo: 0.219666, Fairness: 0.090267 (λ=0.000), Total: 0.219666
Epoch 14:
  Train   - Loss: 0.219666
  Valid   - Loss: 0.206675
Counter 9 of 8
Early stopping with best_val_loss:  0.20487690468629202
Done!
Your result is ready!!! Saved to: ./Results/Results_FIPNAM_SIMULATED_II_lambda_0_0.csv
Loss plot saved to: ./Results/Results_FIPNAM_SIMULATED_II_lambda_0_0.png

scontrol show job 498114
JobId=498114 ArrayJobId=498038 ArrayTaskId=0 JobName=FIPNAM_SIM_II
   UserId=dinghaoc(3151984) GroupId=dinghaoc(3151984) MCS_label=N/A
   Priority=595559 Nice=0 Account=def-agoldenb-ab QOS=normal
   JobState=COMPLETING Reason=None Dependency=(null)
   Requeue=0 Restarts=0 BatchFlag=1 Reboot=0 ExitCode=0:0
   RunTime=01:11:01 TimeLimit=10:00:00 TimeMin=N/A
   SubmitTime=2025-11-15T22:17:13 EligibleTime=2025-11-15T22:17:14
   AccrueTime=2025-11-15T22:17:14
   StartTime=2025-11-15T22:46:47 EndTime=2025-11-15T23:57:48 Deadline=N/A
   SuspendTime=None SecsPreSuspend=0 LastSchedEval=2025-11-15T22:46:47 Scheduler=Main
   Partition=compute AllocNode:Sid=tri-login03:444166
   ReqNodeList=(null) ExcNodeList=(null)
   NodeList=tri0832
   BatchHost=tri0832
   NumNodes=1 NumCPUs=192 NumTasks=1 CPUs/Task=10 ReqB:S:C:T=0:0:*:*
   ReqTRES=cpu=10,mem=767000M,node=1,billing=10
   AllocTRES=cpu=192,mem=767000M,node=1,billing=192
   Socks/Node=* NtasksPerN:B:S:C=0:0:*:* CoreSpec=*
   MinCPUsNode=10 MinMemoryNode=767000M MinTmpDiskNode=0
   Features=(null) DelayBoot=00:00:00
   OverSubscribe=NO Contiguous=0 Licenses=(null) Network=(null)
   Command=/scratch/dinghaoc/Fairness-in-Machine-Learning-Model/Simulation_Study/FISA/run_FIPNAM_SIM_II.slurm
   WorkDir=/scratch/dinghaoc/Fairness-in-Machine-Learning-Model/Simulation_Study/FISA
   Comment=/opt/slurm/bin/sbatch --export=NONE --get-user-env=L run_FIPNAM_SIM_II.slurm 
   StdErr=/scratch/dinghaoc/Fairness-in-Machine-Learning-Model/Simulation_Study/FISA/outputs/FIPNAM_SIM_II_498038_0.err
   StdIn=/dev/null
   StdOut=/scratch/dinghaoc/Fairness-in-Machine-Learning-Model/Simulation_Study/FISA/outputs/FIPNAM_SIM_II_498038_0.out
   TresPerTask=cpu=10
   

sacct -j 498114
JobID           JobName    Account    Elapsed  MaxVMSize     MaxRSS  SystemCPU    UserCPU ExitCode 
------------ ---------- ---------- ---------- ---------- ---------- ---------- ---------- -------- 
498038_0     FIPNAM_SI+ def-agold+   01:11:01                         00:00:00   00:00:00      0:0 
498038_0.ba+      batch def-agold+   01:11:01                         00:00:00   00:00:00      0:0 
498038_0.ex+     extern def-agold+   01:11:01                         00:00:00   00:00:00      0:0 

